This is pdfTeX, Version 3.141592653-2.6-1.40.29 (TeX Live 2026) (preloaded format=pdflatex 2026.3.22)  13 APR 2026 18:40
entering extended mode
 restricted \write18 enabled.
 %&-line parsing enabled.
**report.tex
(./report.tex
LaTeX2e <2025-11-01>
L3 programming layer <2026-01-19>
(/usr/local/texlive/2026/texmf-dist/tex/latex/ieeetran/IEEEtran.cls
Document Class: IEEEtran 2015/08/26 V1.8b by Michael Shell
-- See the "IEEEtran_HOWTO" manual for usage information.
-- http://www.michaelshell.org/tex/ieeetran/
\@IEEEtrantmpdimenA=\dimen148
\@IEEEtrantmpdimenB=\dimen149
\@IEEEtrantmpdimenC=\dimen150
\@IEEEtrantmpcountA=\count275
\@IEEEtrantmpcountB=\count276
\@IEEEtrantmpcountC=\count277
\@IEEEtrantmptoksA=\toks17
LaTeX Font Info:    Trying to load font information for OT1+ptm on input line 5
03.
(/usr/local/texlive/2026/texmf-dist/tex/latex/psnfss/ot1ptm.fd
File: ot1ptm.fd 2001/06/04 font definitions for OT1/ptm.
)
** ATTENTION: Single column mode is not typically used with IEEE publications.
-- Using 8.5in x 11in (letter) paper.
-- Using PDF output.
\@IEEEnormalsizeunitybaselineskip=\dimen151
-- This is a 10 point document.
LaTeX Encoding Info:    Redeclaring text command \textunderscore (encoding ?) o
n input line 937.
\CLASSINFOnormalsizebaselineskip=\dimen152
\CLASSINFOnormalsizeunitybaselineskip=\dimen153
\IEEEnormaljot=\dimen154
LaTeX Font Info:    Font shape `OT1/ptm/bx/n' in size <5> not available
(Font)              Font shape `OT1/ptm/b/n' tried instead on input line 1090.
LaTeX Font Info:    Font shape `OT1/ptm/bx/it' in size <5> not available
(Font)              Font shape `OT1/ptm/b/it' tried instead on input line 1090.

LaTeX Font Info:    Font shape `OT1/ptm/bx/n' in size <7> not available
(Font)              Font shape `OT1/ptm/b/n' tried instead on input line 1090.
LaTeX Font Info:    Font shape `OT1/ptm/bx/it' in size <7> not available
(Font)              Font shape `OT1/ptm/b/it' tried instead on input line 1090.

LaTeX Font Info:    Font shape `OT1/ptm/bx/n' in size <8> not available
(Font)              Font shape `OT1/ptm/b/n' tried instead on input line 1090.
LaTeX Font Info:    Font shape `OT1/ptm/bx/it' in size <8> not available
(Font)              Font shape `OT1/ptm/b/it' tried instead on input line 1090.

LaTeX Font Info:    Font shape `OT1/ptm/bx/n' in size <9> not available
(Font)              Font shape `OT1/ptm/b/n' tried instead on input line 1090.
LaTeX Font Info:    Font shape `OT1/ptm/bx/it' in size <9> not available
(Font)              Font shape `OT1/ptm/b/it' tried instead on input line 1090.

LaTeX Font Info:    Font shape `OT1/ptm/bx/n' in size <10> not available
(Font)              Font shape `OT1/ptm/b/n' tried instead on input line 1090.
LaTeX Font Info:    Font shape `OT1/ptm/bx/it' in size <10> not available
(Font)              Font shape `OT1/ptm/b/it' tried instead on input line 1090.

LaTeX Font Info:    Font shape `OT1/ptm/bx/n' in size <11> not available
(Font)              Font shape `OT1/ptm/b/n' tried instead on input line 1090.
LaTeX Font Info:    Font shape `OT1/ptm/bx/it' in size <11> not available
(Font)              Font shape `OT1/ptm/b/it' tried instead on input line 1090.

LaTeX Font Info:    Font shape `OT1/ptm/bx/n' in size <12> not available
(Font)              Font shape `OT1/ptm/b/n' tried instead on input line 1090.
LaTeX Font Info:    Font shape `OT1/ptm/bx/it' in size <12> not available
(Font)              Font shape `OT1/ptm/b/it' tried instead on input line 1090.

LaTeX Font Info:    Font shape `OT1/ptm/bx/n' in size <17> not available
(Font)              Font shape `OT1/ptm/b/n' tried instead on input line 1090.
LaTeX Font Info:    Font shape `OT1/ptm/bx/it' in size <17> not available
(Font)              Font shape `OT1/ptm/b/it' tried instead on input line 1090.

LaTeX Font Info:    Font shape `OT1/ptm/bx/n' in size <20> not available
(Font)              Font shape `OT1/ptm/b/n' tried instead on input line 1090.
LaTeX Font Info:    Font shape `OT1/ptm/bx/it' in size <20> not available
(Font)              Font shape `OT1/ptm/b/it' tried instead on input line 1090.

LaTeX Font Info:    Font shape `OT1/ptm/bx/n' in size <24> not available
(Font)              Font shape `OT1/ptm/b/n' tried instead on input line 1090.
LaTeX Font Info:    Font shape `OT1/ptm/bx/it' in size <24> not available
(Font)              Font shape `OT1/ptm/b/it' tried instead on input line 1090.

\IEEEquantizedlength=\dimen155
\IEEEquantizedlengthdiff=\dimen156
\IEEEquantizedtextheightdiff=\dimen157
\IEEEilabelindentA=\dimen158
\IEEEilabelindentB=\dimen159
\IEEEilabelindent=\dimen160
\IEEEelabelindent=\dimen161
\IEEEdlabelindent=\dimen162
\IEEElabelindent=\dimen163
\IEEEiednormlabelsep=\dimen164
\IEEEiedmathlabelsep=\dimen165
\IEEEiedtopsep=\skip49
\c@section=\count278
\c@subsection=\count279
\c@subsubsection=\count280
\c@paragraph=\count281
\c@IEEEsubequation=\count282
\abovecaptionskip=\skip50
\belowcaptionskip=\skip51
\c@figure=\count283
\c@table=\count284
\@IEEEeqnnumcols=\count285
\@IEEEeqncolcnt=\count286
\@IEEEsubeqnnumrollback=\count287
\@IEEEquantizeheightA=\dimen166
\@IEEEquantizeheightB=\dimen167
\@IEEEquantizeheightC=\dimen168
\@IEEEquantizeprevdepth=\dimen169
\@IEEEquantizemultiple=\count288
\@IEEEquantizeboxA=\box53
\@IEEEtmpitemindent=\dimen170
\IEEEPARstartletwidth=\dimen171
\c@IEEEbiography=\count289
\@IEEEtranrubishbin=\box54
) (/usr/local/texlive/2026/texmf-dist/tex/latex/base/inputenc.sty
Package: inputenc 2024/02/08 v1.3d Input encoding file
\inpenc@prehook=\toks18
\inpenc@posthook=\toks19
)
(/usr/local/texlive/2026/texmf-dist/tex/latex/graphics/graphicx.sty
Package: graphicx 2024/12/31 v1.2e Enhanced LaTeX Graphics (DPC,SPQR)

(/usr/local/texlive/2026/texmf-dist/tex/latex/graphics/keyval.sty
Package: keyval 2022/05/29 v1.15 key=value parser (DPC)
\KV@toks@=\toks20
)
(/usr/local/texlive/2026/texmf-dist/tex/latex/graphics/graphics.sty
Package: graphics 2024/08/06 v1.4g Standard LaTeX Graphics (DPC,SPQR)

(/usr/local/texlive/2026/texmf-dist/tex/latex/graphics/trig.sty
Package: trig 2023/12/02 v1.11 sin cos tan (DPC)
)
(/usr/local/texlive/2026/texmf-dist/tex/latex/graphics-cfg/graphics.cfg
File: graphics.cfg 2016/06/04 v1.11 sample graphics configuration
)
Package graphics Info: Driver file: pdftex.def on input line 106.

(/usr/local/texlive/2026/texmf-dist/tex/latex/graphics-def/pdftex.def
File: pdftex.def 2025/09/29 v1.2d Graphics/color driver for pdftex
))
\Gin@req@height=\dimen172
\Gin@req@width=\dimen173
)
(/usr/local/texlive/2026/texmf-dist/tex/latex/booktabs/booktabs.sty
Package: booktabs 2020/01/12 v1.61803398 Publication quality tables
\heavyrulewidth=\dimen174
\lightrulewidth=\dimen175
\cmidrulewidth=\dimen176
\belowrulesep=\dimen177
\belowbottomsep=\dimen178
\aboverulesep=\dimen179
\abovetopsep=\dimen180
\cmidrulesep=\dimen181
\cmidrulekern=\dimen182
\defaultaddspace=\dimen183
\@cmidla=\count290
\@cmidlb=\count291
\@aboverulesep=\dimen184
\@belowrulesep=\dimen185
\@thisruleclass=\count292
\@lastruleclass=\count293
\@thisrulewidth=\dimen186
)
(/usr/local/texlive/2026/texmf-dist/tex/latex/tools/tabularx.sty
Package: tabularx 2023/12/11 v2.12a `tabularx' package (DPC)

(/usr/local/texlive/2026/texmf-dist/tex/latex/tools/array.sty
Package: array 2025/09/25 v2.6n Tabular extension package (FMi)
\col@sep=\dimen187
\ar@mcellbox=\box55
\extrarowheight=\dimen188
\NC@list=\toks21
\extratabsurround=\skip52
\backup@length=\skip53
\ar@cellbox=\box56
)
\TX@col@width=\dimen189
\TX@old@table=\dimen190
\TX@old@col=\dimen191
\TX@target=\dimen192
\TX@delta=\dimen193
\TX@cols=\count294
\TX@ftn=\toks22
)
(/usr/local/texlive/2026/texmf-dist/tex/latex/tools/longtable.sty
Package: longtable 2025-10-13 v4.24 Multi-page Table package (DPC)
\LTleft=\skip54
\LTright=\skip55
\LTpre=\skip56
\LTpost=\skip57
\LTchunksize=\count295
\LTcapwidth=\dimen194
\LT@head=\box57
\LT@firsthead=\box58
\LT@foot=\box59
\LT@lastfoot=\box60
\LT@gbox=\box61
\LT@cols=\count296
\LT@rows=\count297
\c@LT@tables=\count298
\c@LT@chunks=\count299
\LT@p@ftn=\toks23
)
(/usr/local/texlive/2026/texmf-dist/tex/latex/url/url.sty
\Urlmuskip=\muskip17
Package: url 2013/09/16  ver 3.4  Verb mode for urls, etc.
)
(/usr/local/texlive/2026/texmf-dist/tex/latex/float/float.sty
Package: float 2001/11/08 v1.3d Float enhancements (AL)
\c@float@type=\count300
\float@exts=\toks24
\float@box=\box62
\@float@everytoks=\toks25
\@floatcapt=\box63
)
(/usr/local/texlive/2026/texmf-dist/tex/latex/l3backend/l3backend-pdftex.def
File: l3backend-pdftex.def 2025-10-09 L3 backend support: PDF output (pdfTeX)
\l__color_backend_stack_int=\count301
)
(./report.aux)
\openout1 = `report.aux'.

LaTeX Font Info:    Checking defaults for OML/cmm/m/it on input line 18.
LaTeX Font Info:    ... okay on input line 18.
LaTeX Font Info:    Checking defaults for OMS/cmsy/m/n on input line 18.
LaTeX Font Info:    ... okay on input line 18.
LaTeX Font Info:    Checking defaults for OT1/cmr/m/n on input line 18.
LaTeX Font Info:    ... okay on input line 18.
LaTeX Font Info:    Checking defaults for T1/cmr/m/n on input line 18.
LaTeX Font Info:    ... okay on input line 18.
LaTeX Font Info:    Checking defaults for TS1/cmr/m/n on input line 18.
LaTeX Font Info:    ... okay on input line 18.
LaTeX Font Info:    Checking defaults for OMX/cmex/m/n on input line 18.
LaTeX Font Info:    ... okay on input line 18.
LaTeX Font Info:    Checking defaults for U/cmr/m/n on input line 18.
LaTeX Font Info:    ... okay on input line 18.

-- Lines per column: 58 (exact).
(/usr/local/texlive/2026/texmf-dist/tex/context/base/mkii/supp-pdf.mkii
[Loading MPS to PDF converter (version 2006.09.02).]
\scratchcounter=\count302
\scratchdimen=\dimen195
\scratchbox=\box64
\nofMPsegments=\count303
\nofMParguments=\count304
\everyMPshowfont=\toks26
\MPscratchCnt=\count305
\MPscratchDim=\dimen196
\MPnumerator=\count306
\makeMPintoPDFobject=\count307
\everyMPtoPDFconversion=\toks27
) (/usr/local/texlive/2026/texmf-dist/tex/latex/epstopdf-pkg/epstopdf-base.sty
Package: epstopdf-base 2020-01-24 v2.11 Base part for package epstopdf
Package epstopdf-base Info: Redefining graphics rule for `.eps' on input line 4
85.

(/usr/local/texlive/2026/texmf-dist/tex/latex/latexconfig/epstopdf-sys.cfg
File: epstopdf-sys.cfg 2010/07/13 v1.3 Configuration of (r)epstopdf for TeX Liv
e
))
LaTeX Font Info:    Trying to load font information for OT1+pcr on input line 2
9.

(/usr/local/texlive/2026/texmf-dist/tex/latex/psnfss/ot1pcr.fd
File: ot1pcr.fd 2001/06/04 font definitions for OT1/pcr.
)
LaTeX Font Info:    External font `cmex10' loaded for size
(Font)              <7> on input line 29.
LaTeX Font Info:    External font `cmex10' loaded for size
(Font)              <5> on input line 29.
<../outputs/task1/figures/q1_1b_volume_distributions.png, id=1, 1276.2882pt x 5
12.75565pt>
File: ../outputs/task1/figures/q1_1b_volume_distributions.png Graphic file (typ
e png)
<use ../outputs/task1/figures/q1_1b_volume_distributions.png>
Package pdftex.def Info: ../outputs/task1/figures/q1_1b_volume_distributions.pn
g  used on input line 63.
(pdftex.def)             Requested size: 474.71906pt x 190.71808pt.
<../outputs/task1/figures/q1_1c_top10_feature_variance.png, id=3, 842.6682pt x 
555.0336pt>
File: ../outputs/task1/figures/q1_1c_top10_feature_variance.png Graphic file (t
ype png)
<use ../outputs/task1/figures/q1_1c_top10_feature_variance.png>
Package pdftex.def Info: ../outputs/task1/figures/q1_1c_top10_feature_variance.
png  used on input line 95.
(pdftex.def)             Requested size: 443.76031pt x 292.28625pt.
<../outputs/task1/figures/q1_2a_router_similarity_heatmap.png, id=4, 647.5392pt
 x 554.67226pt>
File: ../outputs/task1/figures/q1_2a_router_similarity_heatmap.png Graphic file
 (type png)
<use ../outputs/task1/figures/q1_2a_router_similarity_heatmap.png>
Package pdftex.def Info: ../outputs/task1/figures/q1_2a_router_similarity_heatm
ap.png  used on input line 105.
(pdftex.def)             Requested size: 371.52063pt x 318.24005pt.
 [1{/usr/local/texlive/2026/texmf-var/fonts/map/pdftex/updmap/pdftex.map}{/usr/
local/texlive/2026/texmf-dist/fonts/enc/dvips/base/8r.enc}]
<../outputs/task1/figures/q1_2b_adjacency_graphs.png, id=14, 1293.633pt x 569.8
4895pt>
File: ../outputs/task1/figures/q1_2b_adjacency_graphs.png Graphic file (type pn
g)
<use ../outputs/task1/figures/q1_2b_adjacency_graphs.png>
Package pdftex.def Info: ../outputs/task1/figures/q1_2b_adjacency_graphs.png  u
sed on input line 129.
(pdftex.def)             Requested size: 474.71906pt x 209.11047pt.

Overfull \hbox (19.49352pt too wide) in paragraph at lines 134--135
[]\OT1/ptm/m/n/10 For Q1.2(c), I com-puted over-lap of source/destination IP se
ts and Jac-card sim-i-lar-ity of \OT1/pcr/m/n/10 (src_port, dst_port, protocol)

 []

<../outputs/task1/figures/q1_2c_ip_jaccard_heatmap.png, id=15, 644.8455pt x 566
.0055pt>
File: ../outputs/task1/figures/q1_2c_ip_jaccard_heatmap.png Graphic file (type 
png)
<use ../outputs/task1/figures/q1_2c_ip_jaccard_heatmap.png>
Package pdftex.def Info: ../outputs/task1/figures/q1_2c_ip_jaccard_heatmap.png 
 used on input line 156.
(pdftex.def)             Requested size: 381.84283pt x 335.1581pt.
<../outputs/task1/figures/q1_2c_tuple_jaccard_heatmap.png, id=16, 644.8455pt x 
566.0055pt>
File: ../outputs/task1/figures/q1_2c_tuple_jaccard_heatmap.png Graphic file (ty
pe png)
<use ../outputs/task1/figures/q1_2c_tuple_jaccard_heatmap.png>
Package pdftex.def Info: ../outputs/task1/figures/q1_2c_tuple_jaccard_heatmap.p
ng  used on input line 163.
(pdftex.def)             Requested size: 381.84283pt x 335.1581pt.
<../outputs/task1/figures/q1_2c_refined_mst.png, id=17, 674.739pt x 566.6625pt>

File: ../outputs/task1/figures/q1_2c_refined_mst.png Graphic file (type png)
<use ../outputs/task1/figures/q1_2c_refined_mst.png>
Package pdftex.def Info: ../outputs/task1/figures/q1_2c_refined_mst.png  used o
n input line 170.
(pdftex.def)             Requested size: 371.52063pt x 312.01985pt.
[2 <../outputs/task1/figures/q1_1b_volume_distributions.png>]

LaTeX Warning: Text page 3 contains only floats.

[3 <../outputs/task1/figures/q1_1c_top10_feature_variance.png> <../outputs/task
1/figures/q1_2a_router_similarity_heatmap.png>]
<../outputs/task1/figures/q1_3a_inferred_topology.png, id=27, 1277.0109pt x 563
.706pt>
File: ../outputs/task1/figures/q1_3a_inferred_topology.png Graphic file (type p
ng)
<use ../outputs/task1/figures/q1_3a_inferred_topology.png>
Package pdftex.def Info: ../outputs/task1/figures/q1_3a_inferred_topology.png  
used on input line 206.
(pdftex.def)             Requested size: 474.71906pt x 209.54851pt.
 [4 <../outputs/task1/figures/q1_2b_adjacency_graphs.png>] [5 <../outputs/task1
/figures/q1_2c_ip_jaccard_heatmap.png>]
<../outputs/task2/figures/q2_1b_pca_cumulative_variance.png, id=36, 578.16pt x 
361.35pt>
File: ../outputs/task2/figures/q2_1b_pca_cumulative_variance.png Graphic file (
type png)
<use ../outputs/task2/figures/q2_1b_pca_cumulative_variance.png>
Package pdftex.def Info: ../outputs/task2/figures/q2_1b_pca_cumulative_variance
.png  used on input line 281.
(pdftex.def)             Requested size: 371.52063pt x 232.20055pt.
 [6 <../outputs/task1/figures/q1_2c_tuple_jaccard_heatmap.png>]
<../outputs/task2/figures/q2_1b_umap_router_embedding.png, id=41, 859.6845pt x 
568.962pt>
File: ../outputs/task2/figures/q2_1b_umap_router_embedding.png Graphic file (ty
pe png)
<use ../outputs/task2/figures/q2_1b_umap_router_embedding.png>
Package pdftex.def Info: ../outputs/task2/figures/q2_1b_umap_router_embedding.p
ng  used on input line 288.
(pdftex.def)             Requested size: 402.47937pt x 266.37906pt.
<../outputs/task2/figures/q2_2c_hdbscan_engineered_feature_distributions.png, i
d=42, 1148.436pt x 741.4245pt>
File: ../outputs/task2/figures/q2_2c_hdbscan_engineered_feature_distributions.p
ng Graphic file (type png)
<use ../outputs/task2/figures/q2_2c_hdbscan_engineered_feature_distributions.pn
g>
Package pdftex.def Info: ../outputs/task2/figures/q2_2c_hdbscan_engineered_feat
ure_distributions.png  used on input line 314.
(pdftex.def)             Requested size: 474.71906pt x 306.47491pt.
 [7 <../outputs/task1/figures/q1_2c_refined_mst.png> <../outputs/task1/figures/
q1_3a_inferred_topology.png>]
<../outputs/task2/figures/q2_2a_cluster_embedding_comparison.png, id=49, 1292.9
76pt x 407.6685pt>
File: ../outputs/task2/figures/q2_2a_cluster_embedding_comparison.png Graphic f
ile (type png)
<use ../outputs/task2/figures/q2_2a_cluster_embedding_comparison.png>
Package pdftex.def Info: ../outputs/task2/figures/q2_2a_cluster_embedding_compa
rison.png  used on input line 340.
(pdftex.def)             Requested size: 495.36346pt x 156.18462pt.
 [8 <../outputs/task2/figures/q2_1b_pca_cumulative_variance.png> <../outputs/ta
sk2/figures/q2_1b_umap_router_embedding.png>] [9 <../outputs/task2/figures/q2_2
c_hdbscan_engineered_feature_distributions.png>] [10 <../outputs/task2/figures/
q2_2a_cluster_embedding_comparison.png>]
<../outputs/task3/figures/q3_1b_top20_feature_importance.png, id=63, 786.7575pt
 x 605.097pt>
File: ../outputs/task3/figures/q3_1b_top20_feature_importance.png Graphic file 
(type png)
<use ../outputs/task3/figures/q3_1b_top20_feature_importance.png>
Package pdftex.def Info: ../outputs/task3/figures/q3_1b_top20_feature_importanc
e.png  used on input line 488.
(pdftex.def)             Requested size: 443.76031pt x 341.29875pt.
<../outputs/task3/figures/q3_1c_confusion_matrix.png, id=64, 742.41pt x 641.232
pt>
File: ../outputs/task3/figures/q3_1c_confusion_matrix.png Graphic file (type pn
g)
<use ../outputs/task3/figures/q3_1c_confusion_matrix.png>
Package pdftex.def Info: ../outputs/task3/figures/q3_1c_confusion_matrix.png  u
sed on input line 497.
(pdftex.def)             Requested size: 402.47937pt x 347.62016pt.
<../outputs/task3/figures/q3_2b_rare_class_f1.png, id=65, 858.92896pt x 497.578
95pt>
File: ../outputs/task3/figures/q3_2b_rare_class_f1.png Graphic file (type png)
<use ../outputs/task3/figures/q3_2b_rare_class_f1.png>
Package pdftex.def Info: ../outputs/task3/figures/q3_2b_rare_class_f1.png  used
 on input line 526.
(pdftex.def)             Requested size: 443.76031pt x 257.0722pt.
LaTeX Font Info:    Trying to load font information for OMS+ptm on input line 5
49.

(/usr/local/texlive/2026/texmf-dist/tex/latex/psnfss/omsptm.fd
File: omsptm.fd 
)
LaTeX Font Info:    Font shape `OMS/ptm/m/n' in size <10> not available
(Font)              Font shape `OMS/cmsy/m/n' tried instead on input line 549.

Overfull \vbox (255.53989pt too high) has occurred while \output is active []


[11] [12 <../outputs/task3/figures/q3_1b_top20_feature_importance.png>]

LaTeX Warning: Text page 13 contains only floats.

[13 <../outputs/task3/figures/q3_1c_confusion_matrix.png> <../outputs/task3/fig
ures/q3_2b_rare_class_f1.png>]
<../outputs/task3/figures/q3_4a_router_class_f1_heatmap.png, id=80, 1072.84814p
t x 497.9403pt>
File: ../outputs/task3/figures/q3_4a_router_class_f1_heatmap.png Graphic file (
type png)
<use ../outputs/task3/figures/q3_4a_router_class_f1_heatmap.png>
Package pdftex.def Info: ../outputs/task3/figures/q3_4a_router_class_f1_heatmap
.png  used on input line 627.
(pdftex.def)             Requested size: 474.71906pt x 220.32527pt.
<../outputs/task3/figures/q3_4b_overall_metric_comparison.png, id=81, 786.65895
pt x 426.03165pt>
File: ../outputs/task3/figures/q3_4b_overall_metric_comparison.png Graphic file
 (type png)
<use ../outputs/task3/figures/q3_4b_overall_metric_comparison.png>
Package pdftex.def Info: ../outputs/task3/figures/q3_4b_overall_metric_comparis
on.png  used on input line 677.
(pdftex.def)             Requested size: 433.43811pt x 234.73418pt.
 [14] [15 <../outputs/task3/figures/q3_4a_router_class_f1_heatmap.png> <../outp
uts/task3/figures/q3_4b_overall_metric_comparison.png>]
LaTeX Font Info:    External font `cmex10' loaded for size
(Font)              <8> on input line 691.
 [16] (./report.aux)
 ***********
LaTeX2e <2025-11-01>
L3 programming layer <2026-01-19>
 ***********
 ) 
Here is how much of TeX's memory you used:
 2896 strings out of 467525
 56574 string characters out of 5418982
 492331 words of memory out of 5000000
 31795 multiletter control sequences out of 15000+600000
 664667 words of font info for 108 fonts, out of 8000000 for 9000
 1141 hyphenation exceptions out of 8191
 57i,10n,65p,883b,340s stack positions out of 10000i,1000n,20000p,200000b,200000s
</usr/local/texlive/2026/texmf-dist/fonts/type1/public/amsfonts/cm/cmsy10.pfb
></usr/local/texlive/2026/texmf-dist/fonts/type1/urw/courier/ucrr8a.pfb></usr/l
ocal/texlive/2026/texmf-dist/fonts/type1/urw/times/utmb8a.pfb></usr/local/texli
ve/2026/texmf-dist/fonts/type1/urw/times/utmr8a.pfb></usr/local/texlive/2026/te
xmf-dist/fonts/type1/urw/times/utmri8a.pfb>
Output written on report.pdf (16 pages, 3825921 bytes).
PDF statistics:
 117 PDF objects out of 1000 (max. 8388607)
 54 compressed objects within 1 object stream
 0 named destinations out of 1000 (max. 500000)
 86 words of extra memory for PDF output out of 10000 (max. 10000000)

